2021-06-04 14:06:17,588 :INFO : Utilities.BaseClass : getting all the card titles
2021-06-04 14:06:17,914 :INFO : Utilities.BaseClass : verifying the presence of country India
2021-06-04 14:06:23,283 :INFO : Utilities.BaseClass : taking a screenshot of the confirmation message
2021-06-04 14:06:27,697 :INFO : Utilities.BaseClass : filling in first name as Rahul Shetty
2021-06-04 14:06:27,697 :INFO : Utilities.BaseClass : filling in first name as Rahul Shetty
2021-06-04 14:06:27,697 :INFO : Utilities.BaseClass : filling in first name as Rahul Shetty
2021-06-04 14:06:28,198 :INFO : Utilities.BaseClass : filling in first name as Ananya
2021-06-04 14:06:28,198 :INFO : Utilities.BaseClass : filling in first name as Ananya
2021-06-04 14:06:28,198 :INFO : Utilities.BaseClass : filling in first name as Ananya
2021-06-04 14:06:28,198 :INFO : Utilities.BaseClass : filling in first name as Ananya
2021-06-07 10:28:06,854 :INFO : Utilities.BaseClass : getting all the card titles
2021-06-07 10:28:07,308 :INFO : Utilities.BaseClass : verifying the presence of country India
2021-06-07 10:28:12,757 :INFO : Utilities.BaseClass : taking a screenshot of the confirmation message
2021-06-07 10:28:21,222 :INFO : Utilities.BaseClass : filling in first name as Rahul Shetty
2021-06-07 10:28:21,222 :INFO : Utilities.BaseClass : filling in first name as Rahul Shetty
2021-06-07 10:28:21,222 :INFO : Utilities.BaseClass : filling in first name as Rahul Shetty
2021-06-07 10:28:21,914 :INFO : Utilities.BaseClass : filling in first name as Ananya
2021-06-07 10:28:21,914 :INFO : Utilities.BaseClass : filling in first name as Ananya
2021-06-07 10:28:21,914 :INFO : Utilities.BaseClass : filling in first name as Ananya
2021-06-07 10:28:21,914 :INFO : Utilities.BaseClass : filling in first name as Ananya
